2025-07-02T02:08:29.240Z  INFO 1 --- [ms-usuarios] [main] c.m.usuarios.MsUsuariosApplication       : Starting MsUsuariosApplication v0.0.1-SNAPSHOT using Java 17-ea with PID 1 (/app/ms-usuarios-0.0.1-SNAPSHOT.jar started by root in /app)
2025-07-02T02:08:29.243Z  INFO 1 --- [ms-usuarios] [main] c.m.usuarios.MsUsuariosApplication       : No active profile set, falling back to 1 default profile: "default"
2025-07-02T02:08:30.110Z  INFO 1 --- [ms-usuarios] [main] .s.d.r.c.RepositoryConfigurationDelegate : Bootstrapping Spring Data JPA repositories in DEFAULT mode.
2025-07-02T02:08:30.176Z  INFO 1 --- [ms-usuarios] [main] .s.d.r.c.RepositoryConfigurationDelegate : Finished Spring Data repository scanning in 57 ms. Found 1 JPA repository interface.
2025-07-02T02:08:30.337Z  INFO 1 --- [ms-usuarios] [main] o.s.cloud.context.scope.GenericScope     : BeanFactory id=0ab7569f-589f-35bc-9673-fca65e810d8a
2025-07-02T02:08:30.742Z  INFO 1 --- [ms-usuarios] [main] o.s.b.w.embedded.tomcat.TomcatWebServer  : Tomcat initialized with port 8001 (http)
2025-07-02T02:08:30.756Z  INFO 1 --- [ms-usuarios] [main] o.apache.catalina.core.StandardService   : Starting service [Tomcat]
2025-07-02T02:08:30.757Z  INFO 1 --- [ms-usuarios] [main] o.apache.catalina.core.StandardEngine    : Starting Servlet engine: [Apache Tomcat/10.1.40]
2025-07-02T02:08:30.794Z  INFO 1 --- [ms-usuarios] [main] o.a.c.c.C.[Tomcat].[localhost].[/]       : Initializing Spring embedded WebApplicationContext
2025-07-02T02:08:30.795Z  INFO 1 --- [ms-usuarios] [main] w.s.c.ServletWebServerApplicationContext : Root WebApplicationContext: initialization completed in 1493 ms
2025-07-02T02:08:30.962Z  INFO 1 --- [ms-usuarios] [main] com.zaxxer.hikari.HikariDataSource       : HikariPool-1 - Starting...
2025-07-02T02:08:31.473Z  INFO 1 --- [ms-usuarios] [main] com.zaxxer.hikari.pool.HikariPool        : HikariPool-1 - Added connection com.mysql.cj.jdbc.ConnectionImpl@4001d8c1
2025-07-02T02:08:31.475Z  INFO 1 --- [ms-usuarios] [main] com.zaxxer.hikari.HikariDataSource       : HikariPool-1 - Start completed.
2025-07-02T02:08:31.510Z  INFO 1 --- [ms-usuarios] [main] o.hibernate.jpa.internal.util.LogHelper  : HHH000204: Processing PersistenceUnitInfo [name: default]
2025-07-02T02:08:31.561Z  INFO 1 --- [ms-usuarios] [main] org.hibernate.Version                    : HHH000412: Hibernate ORM core version 6.6.13.Final
2025-07-02T02:08:31.600Z  INFO 1 --- [ms-usuarios] [main] o.h.c.internal.RegionFactoryInitiator    : HHH000026: Second-level cache disabled
2025-07-02T02:08:31.878Z  INFO 1 --- [ms-usuarios] [main] o.s.o.j.p.SpringPersistenceUnitInfo      : No LoadTimeWeaver setup: ignoring JPA class transformer
2025-07-02T02:08:31.966Z  WARN 1 --- [ms-usuarios] [main] org.hibernate.orm.deprecation            : HHH90000025: MySQL8Dialect does not need to be specified explicitly using 'hibernate.dialect' (remove the property setting and it will be selected by default)
2025-07-02T02:08:31.968Z  WARN 1 --- [ms-usuarios] [main] org.hibernate.orm.deprecation            : HHH90000026: MySQL8Dialect has been deprecated; use org.hibernate.dialect.MySQLDialect instead
2025-07-02T02:08:31.989Z  INFO 1 --- [ms-usuarios] [main] org.hibernate.orm.connections.pooling    : HHH10001005: Database info:
	Database JDBC URL [Connecting through datasource 'HikariDataSource (HikariPool-1)']
	Database driver: undefined/unknown
	Database version: 8.0
	Autocommit mode: undefined/unknown
	Isolation level: undefined/unknown
	Minimum pool size: undefined/unknown
	Maximum pool size: undefined/unknown
2025-07-02T02:08:32.617Z  INFO 1 --- [ms-usuarios] [main] o.h.e.t.j.p.i.JtaPlatformInitiator       : HHH000489: No JTA platform available (set 'hibernate.transaction.jta.platform' to enable JTA platform integration)
2025-07-02T02:08:32.691Z  INFO 1 --- [ms-usuarios] [main] j.LocalContainerEntityManagerFactoryBean : Initialized JPA EntityManagerFactory for persistence unit 'default'
2025-07-02T02:08:33.082Z  WARN 1 --- [ms-usuarios] [main] JpaBaseConfiguration$JpaWebConfiguration : spring.jpa.open-in-view is enabled by default. Therefore, database queries may be performed during view rendering. Explicitly configure spring.jpa.open-in-view to disable this warning
2025-07-02T02:08:33.767Z  INFO 1 --- [ms-usuarios] [main] o.s.b.w.embedded.tomcat.TomcatWebServer  : Tomcat started on port 8001 (http) with context path '/'
2025-07-02T02:08:33.790Z  INFO 1 --- [ms-usuarios] [main] c.m.usuarios.MsUsuariosApplication       : Started MsUsuariosApplication in 5.183 seconds (process running for 5.781)
